<?xml version="1.0" encoding="UTF-8"?>
<!-- Generated by org.testng.reporters.JUnitReportReporter -->
<testsuite hostname="DESKTOP-JI4AK0O" failures="0" tests="1" name="com.mystore.testcases.OverviewPageTest" time="0.000" errors="0" timestamp="2023-10-13T16:39:07 IST" skipped="1">
  <testcase classname="com.mystore.testcases.OverviewPageTest" name="checkProductToCart" time="0.000">
    <skipped/>
  </testcase> <!-- checkProductToCart -->
</testsuite> <!-- com.mystore.testcases.OverviewPageTest -->
