<?xml version="1.0" encoding="UTF-8"?>
<!-- Generated by org.testng.reporters.JUnitReportReporter -->
<testsuite hostname="DESKTOP-JI4AK0O" failures="0" tests="2" name="com.mystore.testcases.CheckoutInfoTest" time="0.001" errors="0" timestamp="2023-10-13T16:39:07 IST" skipped="2">
  <testcase classname="com.mystore.testcases.CheckoutInfoTest" name="checkProductToCart" time="0.000">
    <skipped/>
  </testcase> <!-- checkProductToCart -->
  <testcase classname="com.mystore.testcases.CheckoutInfoTest" name="checkProductToCart" time="0.001">
    <skipped/>
  </testcase> <!-- checkProductToCart -->
</testsuite> <!-- com.mystore.testcases.CheckoutInfoTest -->
