<?xml version="1.0" encoding="UTF-8"?>
<!-- Generated by org.testng.reporters.JUnitReportReporter -->
<testsuite hostname="DESKTOP-JI4AK0O" failures="0" tests="6" name="com.mystore.testcases.LoginSession" time="22.939" errors="0" timestamp="2023-10-13T16:15:12 IST" skipped="0">
  <testcase classname="com.mystore.testcases.LoginSession" name="loginToApp" time="3.441"/>
  <testcase classname="com.mystore.testcases.LoginSession" name="logout" time="10.271"/>
  <testcase classname="com.mystore.testcases.LoginSession" name="loginToApp" time="2.412"/>
  <testcase classname="com.mystore.testcases.LoginSession" name="loginToApp" time="2.284"/>
  <testcase classname="com.mystore.testcases.LoginSession" name="loginToApp" time="2.206"/>
  <testcase classname="com.mystore.testcases.LoginSession" name="loginToApp" time="2.325"/>
</testsuite> <!-- com.mystore.testcases.LoginSession -->
