<?xml version="1.0" encoding="UTF-8"?>
<!-- Generated by org.testng.reporters.JUnitReportReporter -->
<testsuite hostname="DESKTOP-JI4AK0O" failures="0" tests="1" name="com.mystore.testcases.OverviewPageTest" time="2.948" errors="0" timestamp="2023-10-17T10:59:39 IST" skipped="0">
  <testcase classname="com.mystore.testcases.OverviewPageTest" name="checkProductToCart" time="2.948"/>
</testsuite> <!-- com.mystore.testcases.OverviewPageTest -->
