<?xml version="1.0" encoding="UTF-8"?>
<!-- Generated by org.testng.reporters.JUnitReportReporter -->
<testsuite hostname="DESKTOP-JI4AK0O" failures="0" tests="1" name="com.mystore.testcases.EndToEndTest" time="4.574" errors="0" timestamp="2023-10-17T10:59:40 IST" skipped="0">
  <testcase classname="com.mystore.testcases.EndToEndTest" name="checkProductToCart" time="4.574"/>
</testsuite> <!-- com.mystore.testcases.EndToEndTest -->
