<?xml version="1.0" encoding="UTF-8"?>
<!-- Generated by org.testng.reporters.JUnitReportReporter -->
<testsuite hostname="DESKTOP-JI4AK0O" failures="0" tests="1" name="com.mystore.testcases.CartPageTest" time="2.628" errors="0" timestamp="2023-10-13T17:14:44 IST" skipped="0">
  <testcase classname="com.mystore.testcases.CartPageTest" name="checkProductToCart" time="2.628"/>
</testsuite> <!-- com.mystore.testcases.CartPageTest -->
