<?xml version="1.0" encoding="UTF-8"?>
<!-- Generated by org.testng.reporters.JUnitReportReporter -->
<testsuite hostname="DESKTOP-JI4AK0O" failures="0" tests="3" name="com.mystore.testcases.HomeTest" time="0.001" errors="0" timestamp="2023-10-13T16:39:07 IST" skipped="3">
  <testcase classname="com.mystore.testcases.HomeTest" name="addToCartProduct" time="0.000">
    <skipped/>
  </testcase> <!-- addToCartProduct -->
  <testcase classname="com.mystore.testcases.HomeTest" name="validateLogo" time="0.000">
    <skipped/>
  </testcase> <!-- validateLogo -->
  <testcase classname="com.mystore.testcases.HomeTest" name="validateSortLowToHigh" time="0.001">
    <skipped/>
  </testcase> <!-- validateSortLowToHigh -->
</testsuite> <!-- com.mystore.testcases.HomeTest -->
