<?xml version="1.0" encoding="UTF-8"?>
<!-- Generated by org.testng.reporters.JUnitReportReporter -->
<testsuite hostname="DESKTOP-JI4AK0O" failures="0" tests="2" name="com.mystore.testcases.CheckoutInfoTest" time="6.980" errors="0" timestamp="2023-10-20T12:04:13 IST" skipped="0">
  <testcase classname="com.mystore.testcases.CheckoutInfoTest" name="checkProductToCart" time="3.397"/>
  <testcase classname="com.mystore.testcases.CheckoutInfoTest" name="checkProductToCart" time="3.583"/>
</testsuite> <!-- com.mystore.testcases.CheckoutInfoTest -->
