<?xml version="1.0" encoding="UTF-8"?>
<!-- Generated by org.testng.reporters.JUnitReportReporter -->
<testsuite hostname="DESKTOP-JI4AK0O" failures="0" tests="6" name="com.mystore.testcases.LoginSession" time="24.112" errors="0" timestamp="2023-10-20T12:04:13 IST" skipped="0">
  <testcase classname="com.mystore.testcases.LoginSession" name="loginToApp" time="5.656"/>
  <testcase classname="com.mystore.testcases.LoginSession" name="logout" time="9.436"/>
  <testcase classname="com.mystore.testcases.LoginSession" name="loginToApp" time="2.187"/>
  <testcase classname="com.mystore.testcases.LoginSession" name="loginToApp" time="2.226"/>
  <testcase classname="com.mystore.testcases.LoginSession" name="loginToApp" time="2.358"/>
  <testcase classname="com.mystore.testcases.LoginSession" name="loginToApp" time="2.249"/>
</testsuite> <!-- com.mystore.testcases.LoginSession -->
