<?xml version="1.0" encoding="UTF-8"?>
<!-- Generated by org.testng.reporters.JUnitReportReporter -->
<testsuite hostname="DESKTOP-JI4AK0O" failures="0" tests="1" name="com.mystore.testcases.HomeTest" time="4.733" errors="0" timestamp="2023-10-17T11:00:42 IST" skipped="0">
  <testcase classname="com.mystore.testcases.HomeTest" name="validateLogo" time="4.733"/>
</testsuite> <!-- com.mystore.testcases.HomeTest -->
