<?xml version="1.0" encoding="UTF-8"?>
<!-- Generated by org.testng.reporters.JUnitReportReporter -->
<testsuite hostname="DESKTOP-JI4AK0O" failures="0" tests="2" name="com.mystore.testcases.CheckoutInfoTest" time="6.056" errors="0" timestamp="2023-10-17T10:59:40 IST" skipped="0">
  <testcase classname="com.mystore.testcases.CheckoutInfoTest" name="checkProductToCart" time="3.061"/>
  <testcase classname="com.mystore.testcases.CheckoutInfoTest" name="checkProductToCart" time="2.995"/>
</testsuite> <!-- com.mystore.testcases.CheckoutInfoTest -->
