<?xml version="1.0" encoding="UTF-8"?>
<!-- Generated by org.testng.reporters.JUnitReportReporter -->
<testsuite hostname="DESKTOP-JI4AK0O" failures="0" tests="6" name="com.mystore.testcases.LoginSession" time="22.577" errors="0" timestamp="2023-10-17T11:00:42 IST" skipped="0">
  <testcase classname="com.mystore.testcases.LoginSession" name="loginToApp" time="2.205"/>
  <testcase classname="com.mystore.testcases.LoginSession" name="logout" time="10.168"/>
  <testcase classname="com.mystore.testcases.LoginSession" name="loginToApp" time="2.291"/>
  <testcase classname="com.mystore.testcases.LoginSession" name="loginToApp" time="2.732"/>
  <testcase classname="com.mystore.testcases.LoginSession" name="loginToApp" time="2.219"/>
  <testcase classname="com.mystore.testcases.LoginSession" name="loginToApp" time="2.962"/>
</testsuite> <!-- com.mystore.testcases.LoginSession -->
